2021-05-13 17:22:47,356 WARN  [SoapUI] Missing folder [C:\Users\AmritaSinghChopra\Desktop\HandsOn-API\HandsOn-API\ext] for external libraries
2021-05-13 17:22:47,918 INFO  [DefaultSoapUICore] initialized soapui-settings from [C:\Users\AmritaSinghChopra\soapui-settings.xml]
2021-05-13 17:22:49,929 INFO  [WsdlProject] Loaded project from [file:/C:/Users/AmritaSinghChopra/Desktop/HandsOn-API/HandsOn-API/SOAP-Project-soapui-project.xml]
2021-05-13 17:22:50,892 INFO  [SoapUITestCaseRunner] Running SoapUI tests in project [SOAP Project]
2021-05-13 17:22:50,894 INFO  [SoapUITestCaseRunner] Running Project [SOAP Project], runType = SEQUENTIAL
2021-05-13 17:22:50,912 INFO  [SoapUITestCaseRunner] Running SoapUI testcase [Create Customer]
2021-05-13 17:22:50,970 INFO  [SoapUITestCaseRunner] running step [Email and FN LN]
2021-05-13 17:22:51,032 INFO  [SoapUITestCaseRunner] running step [Email and FN LN Transfer]
2021-05-13 17:22:51,616 INFO  [SoapUITestCaseRunner] running step [CreateCustomer]
2021-05-13 17:22:53,191 INFO  [SoapUITestCaseRunner] Assertion [SOAP Response] has status VALID
2021-05-13 17:22:53,191 INFO  [SoapUITestCaseRunner] running step [Property Transfer]
2021-05-13 17:22:53,195 INFO  [SoapUITestCaseRunner] running step [GetCustomerbyId]
2021-05-13 17:22:55,494 INFO  [SoapUITestCaseRunner] Assertion [SOAP Response] has status VALID
2021-05-13 17:22:55,494 INFO  [SoapUITestCaseRunner] running step [Groovy Script]
2021-05-13 17:22:56,173 INFO  [log] Email Id  is a2@ibm.com
2021-05-13 17:22:56,208 INFO  [SoapUITestCaseRunner] running step [Get Customer List]
2021-05-13 17:23:05,631 INFO  [SoapUITestCaseRunner] Assertion [SOAP Response] has status VALID
2021-05-13 17:23:05,631 INFO  [SoapUITestCaseRunner] running step [Delete Customerby Id]
2021-05-13 17:23:06,391 INFO  [SoapUITestCaseRunner] Assertion [SOAP Response] has status VALID
2021-05-13 17:23:06,391 INFO  [SoapUITestCaseRunner] Finished running SoapUI testcase [Create Customer], time taken: 15379ms, status: FINISHED
2021-05-13 17:23:06,395 INFO  [SoapUITestCaseRunner] Running SoapUI testcase [Product Repository]
2021-05-13 17:23:06,395 INFO  [SoapUITestCaseRunner] running step [Product Data]
2021-05-13 17:23:06,396 INFO  [SoapUITestCaseRunner] running step [CreateProduct]
2021-05-13 17:23:07,893 INFO  [SoapUITestCaseRunner] Assertion [SOAP Response] has status VALID
2021-05-13 17:23:07,893 INFO  [SoapUITestCaseRunner] running step [GetProductList]
2021-05-13 17:23:09,043 INFO  [SoapUITestCaseRunner] Assertion [SOAP Response] has status VALID
2021-05-13 17:23:09,044 INFO  [SoapUITestCaseRunner] running step [GetProductbyId]
2021-05-13 17:23:10,000 INFO  [SoapUITestCaseRunner] Assertion [SOAP Response] has status VALID
2021-05-13 17:23:10,001 INFO  [SoapUITestCaseRunner] running step [DeleteProduct]
2021-05-13 17:23:11,528 INFO  [SoapUITestCaseRunner] Assertion [SOAP Response] has status VALID
2021-05-13 17:23:11,530 INFO  [SoapUITestCaseRunner] Finished running SoapUI testcase [Product Repository], time taken: 5118ms, status: FINISHED
2021-05-13 17:23:11,533 INFO  [SoapUITestCaseRunner] Running SoapUI testcase [ProductRep-DataDriven]
2021-05-13 17:23:11,534 INFO  [SoapUITestCaseRunner] running step [DataDriven Testing]
2021-05-13 17:23:12,032 INFO  [log] The number of rows are 5 and the number of columns are 6
2021-05-13 17:23:12,149 INFO  [SoapUITestCaseRunner] Running SoapUI testcase [Product Repository]
2021-05-13 17:23:12,150 INFO  [SoapUITestCaseRunner] running step [Product Data]
2021-05-13 17:23:12,154 INFO  [SoapUITestCaseRunner] running step [CreateProduct]
2021-05-13 17:23:13,945 INFO  [SoapUITestCaseRunner] Assertion [SOAP Response] has status VALID
2021-05-13 17:23:13,946 INFO  [SoapUITestCaseRunner] running step [GetProductList]
2021-05-13 17:23:15,078 INFO  [SoapUITestCaseRunner] Assertion [SOAP Response] has status VALID
2021-05-13 17:23:15,080 INFO  [SoapUITestCaseRunner] running step [GetProductbyId]
2021-05-13 17:23:16,136 INFO  [SoapUITestCaseRunner] Assertion [SOAP Response] has status VALID
2021-05-13 17:23:16,137 INFO  [SoapUITestCaseRunner] running step [DeleteProduct]
2021-05-13 17:23:17,132 INFO  [SoapUITestCaseRunner] Assertion [SOAP Response] has status VALID
2021-05-13 17:23:17,133 INFO  [SoapUITestCaseRunner] Finished running SoapUI testcase [Product Repository], time taken: 4953ms, status: FINISHED
2021-05-13 17:23:17,133 INFO  [log] FINISHED
2021-05-13 17:23:17,134 INFO  [log] 4953
2021-05-13 17:23:17,180 INFO  [log] 5
2021-05-13 17:23:17,183 INFO  [SoapUITestCaseRunner] Running SoapUI testcase [Product Repository]
2021-05-13 17:23:17,187 INFO  [SoapUITestCaseRunner] running step [Product Data]
2021-05-13 17:23:17,194 INFO  [SoapUITestCaseRunner] running step [CreateProduct]
2021-05-13 17:23:18,524 INFO  [SoapUITestCaseRunner] Assertion [SOAP Response] has status VALID
2021-05-13 17:23:18,525 INFO  [SoapUITestCaseRunner] running step [GetProductList]
2021-05-13 17:23:19,818 INFO  [SoapUITestCaseRunner] Assertion [SOAP Response] has status VALID
2021-05-13 17:23:19,818 INFO  [SoapUITestCaseRunner] running step [GetProductbyId]
2021-05-13 17:23:21,297 INFO  [SoapUITestCaseRunner] Assertion [SOAP Response] has status VALID
2021-05-13 17:23:21,297 INFO  [SoapUITestCaseRunner] running step [DeleteProduct]
2021-05-13 17:23:22,373 INFO  [SoapUITestCaseRunner] Assertion [SOAP Response] has status VALID
2021-05-13 17:23:22,381 INFO  [SoapUITestCaseRunner] Finished running SoapUI testcase [Product Repository], time taken: 5163ms, status: FINISHED
2021-05-13 17:23:22,384 INFO  [log] FINISHED
2021-05-13 17:23:22,388 INFO  [log] 5163
2021-05-13 17:23:22,397 INFO  [log] 5
2021-05-13 17:23:22,403 INFO  [SoapUITestCaseRunner] Running SoapUI testcase [Product Repository]
2021-05-13 17:23:22,410 INFO  [SoapUITestCaseRunner] running step [Product Data]
2021-05-13 17:23:22,412 INFO  [SoapUITestCaseRunner] running step [CreateProduct]
2021-05-13 17:23:24,009 INFO  [SoapUITestCaseRunner] Assertion [SOAP Response] has status VALID
2021-05-13 17:23:24,010 INFO  [SoapUITestCaseRunner] running step [GetProductList]
2021-05-13 17:23:25,576 INFO  [SoapUITestCaseRunner] Assertion [SOAP Response] has status VALID
2021-05-13 17:23:25,576 INFO  [SoapUITestCaseRunner] running step [GetProductbyId]
2021-05-13 17:23:26,764 INFO  [SoapUITestCaseRunner] Assertion [SOAP Response] has status VALID
2021-05-13 17:23:26,764 INFO  [SoapUITestCaseRunner] running step [DeleteProduct]
2021-05-13 17:23:27,652 INFO  [SoapUITestCaseRunner] Assertion [SOAP Response] has status VALID
2021-05-13 17:23:27,664 INFO  [SoapUITestCaseRunner] Finished running SoapUI testcase [Product Repository], time taken: 5221ms, status: FINISHED
2021-05-13 17:23:27,684 INFO  [log] FINISHED
2021-05-13 17:23:27,690 INFO  [log] 5221
2021-05-13 17:23:27,691 INFO  [log] 5
2021-05-13 17:23:27,692 INFO  [SoapUITestCaseRunner] Running SoapUI testcase [Product Repository]
2021-05-13 17:23:27,698 INFO  [SoapUITestCaseRunner] running step [Product Data]
2021-05-13 17:23:27,699 INFO  [SoapUITestCaseRunner] running step [CreateProduct]
2021-05-13 17:23:29,048 INFO  [SoapUITestCaseRunner] Assertion [SOAP Response] has status VALID
2021-05-13 17:23:29,049 INFO  [SoapUITestCaseRunner] running step [GetProductList]
2021-05-13 17:23:30,116 INFO  [SoapUITestCaseRunner] Assertion [SOAP Response] has status VALID
2021-05-13 17:23:30,124 INFO  [SoapUITestCaseRunner] running step [GetProductbyId]
2021-05-13 17:23:31,169 INFO  [SoapUITestCaseRunner] Assertion [SOAP Response] has status VALID
2021-05-13 17:23:31,171 INFO  [SoapUITestCaseRunner] running step [DeleteProduct]
2021-05-13 17:23:31,958 INFO  [SoapUITestCaseRunner] Assertion [SOAP Response] has status VALID
2021-05-13 17:23:31,960 INFO  [SoapUITestCaseRunner] Finished running SoapUI testcase [Product Repository], time taken: 4199ms, status: FINISHED
2021-05-13 17:23:31,960 INFO  [log] FINISHED
2021-05-13 17:23:31,961 INFO  [log] 4199
2021-05-13 17:23:31,980 INFO  [log] 5
2021-05-13 17:23:31,980 INFO  [SoapUITestCaseRunner] Finished running SoapUI testcase [ProductRep-DataDriven], time taken: 20443ms, status: FINISHED
2021-05-13 17:23:31,988 INFO  [SoapUITestCaseRunner] Project [SOAP Project] finished with status [FINISHED] in 41089ms
